<?xml version="1.0" encoding="UTF-8"?>
<!-- Generated by org.testng.reporters.JUnitReportReporter -->
<testsuite hostname="Debu_Lenovo" failures="0" tests="2" name="test_runner.LoginTestRunner" time="4.387" errors="0" timestamp="2024-02-01T17:08:28 IST" skipped="0">
  <testcase classname="test_runner.LoginTestRunner" name="doLoginWithInvalidCreds" time="2.627"/>
  <testcase classname="test_runner.LoginTestRunner" name="doLogin" time="1.760"/>
</testsuite> <!-- test_runner.LoginTestRunner -->
